 ----------------------------------------------------------- 
 INFO :: Test Execution Info 
 INFO :: NUMBER OF ELEMENTS: 10000
 INFO :: REFRESH RATE: 3
 INFO :: BATCH OPERATIONS: 200

 INFO :: NUMBER OF HASHES CHOSEN : 3

 INFO :: TABLE SIZE IN BYTES: 50000

 INFO :: TABLE SIZE CHOSEN : 6250
 INFO :: NUMBER OF CONSTITUENT BFs initialized in the FBF: 3
 INFO :: dfuture: 0
 INFO :: dpresent: 1
 INFO :: pastStart: 2
 INFO :: pastEnd: 2
 INFO :: FBFs initialized 
 INFO :: Timer started 
 INFO :: Refreshed FBF
 INFO :: Refreshed FBF
 INFO :: Refreshed FBF
 INFO :: Refreshed FBF
 INFO :: Refreshed FBF
 INFO :: Refreshed FBF
 INFO :: Refreshed FBF
 INFO :: Refreshed FBF
 INFO :: Refreshed FBF
 INFO :: Refreshed FBF
 INFO :: Refreshed FBF
 INFO :: Refreshed FBF
 INFO :: Refreshed FBF
 INFO :: Refreshed FBF
 INFO :: Refreshed FBF
 INFO :: Refreshed FBF
 INFO :: Refreshed FBF
 INFO :: Refreshed FBF
 INFO :: Refreshed FBF
 INFO :: Refreshed FBF
 INFO :: Refreshed FBF
 INFO :: Refreshed FBF
 INFO :: Refreshed FBF
 INFO :: Refreshed FBF
 INFO :: Refreshed FBF
 INFO :: Time elapsed in for loop: 100.064
 INFO :: Rate of insertion: 99.9362per second
 RESULT :: SMART FP = 49
 RESULT :: SMART FPR = 0.0049

 INFO :: Individual FPP here: 
 INFO :: Future BF FPP: 0.000756053
 INFO :: 1BF FPP: 0.00238979
 INFO :: 2BF FPP: 0.00533123
 RESULT :: The effective FPR of the FBF is: 0.00534578

 INFO :: Individual FPP here: 
 INFO :: Future BF FPP: 0.000756053
 INFO :: 1BF FPP: 0.00238979
 INFO :: 2BF FPP: 0.00533123
 INFO :: The number of bloom filters are : 3
 RESULT :: The NEW effective FPR of the FBF is: 0.00178193
 -----------------------------------------------------------

 ----------------------------------------------------------- 
 INFO :: Test Execution Info 
 INFO :: NUMBER OF ELEMENTS: 20000
 INFO :: REFRESH RATE: 3
 INFO :: BATCH OPERATIONS: 200

 INFO :: NUMBER OF HASHES CHOSEN : 3

 INFO :: TABLE SIZE IN BYTES: 50000

 INFO :: TABLE SIZE CHOSEN : 6250
 INFO :: NUMBER OF CONSTITUENT BFs initialized in the FBF: 3
 INFO :: dfuture: 0
 INFO :: dpresent: 1
 INFO :: pastStart: 2
 INFO :: pastEnd: 2
 INFO :: FBFs initialized 
 INFO :: Timer started 
 INFO :: Refreshed FBF
 INFO :: Refreshed FBF
 INFO :: Refreshed FBF
 INFO :: Refreshed FBF
 INFO :: Refreshed FBF
 INFO :: Refreshed FBF
 INFO :: Refreshed FBF
 INFO :: Refreshed FBF
 INFO :: Refreshed FBF
 INFO :: Refreshed FBF
 INFO :: Refreshed FBF
 INFO :: Refreshed FBF
 INFO :: Refreshed FBF
 INFO :: Refreshed FBF
 INFO :: Refreshed FBF
 INFO :: Refreshed FBF
 INFO :: Refreshed FBF
 INFO :: Refreshed FBF
 INFO :: Refreshed FBF
 INFO :: Refreshed FBF
 INFO :: Refreshed FBF
 INFO :: Refreshed FBF
 INFO :: Refreshed FBF
 INFO :: Refreshed FBF
 INFO :: Refreshed FBF
 INFO :: Refreshed FBF
 INFO :: Refreshed FBF
 INFO :: Refreshed FBF
 INFO :: Refreshed FBF
 INFO :: Refreshed FBF
 INFO :: Refreshed FBF
 INFO :: Refreshed FBF
 INFO :: Refreshed FBF
 INFO :: Refreshed FBF
 INFO :: Refreshed FBF
 INFO :: Refreshed FBF
 INFO :: Refreshed FBF
 INFO :: Refreshed FBF
 INFO :: Refreshed FBF
 INFO :: Refreshed FBF
 INFO :: Refreshed FBF
 INFO :: Refreshed FBF
 INFO :: Refreshed FBF
 INFO :: Refreshed FBF
 INFO :: Refreshed FBF
 INFO :: Refreshed FBF
 INFO :: Refreshed FBF
 INFO :: Refreshed FBF
 INFO :: Refreshed FBF
 INFO :: Refreshed FBF
 INFO :: Time elapsed in for loop: 200.142
 INFO :: Rate of insertion: 99.9291per second
 RESULT :: SMART FP = 71
 RESULT :: SMART FPR = 0.00355

 INFO :: Individual FPP here: 
 INFO :: Future BF FPP: 0.000756053
 INFO :: 1BF FPP: 0.00238979
 INFO :: 2BF FPP: 0.00533123
 RESULT :: The effective FPR of the FBF is: 0.00534578

 INFO :: Individual FPP here: 
 INFO :: Future BF FPP: 0.000756053
 INFO :: 1BF FPP: 0.00238979
 INFO :: 2BF FPP: 0.00533123
 INFO :: The number of bloom filters are : 3
 RESULT :: The NEW effective FPR of the FBF is: 0.00178193
 -----------------------------------------------------------

 ----------------------------------------------------------- 
 INFO :: Test Execution Info 
 INFO :: NUMBER OF ELEMENTS: 30000
 INFO :: REFRESH RATE: 3
 INFO :: BATCH OPERATIONS: 200

 INFO :: NUMBER OF HASHES CHOSEN : 3

 INFO :: TABLE SIZE IN BYTES: 50000

 INFO :: TABLE SIZE CHOSEN : 6250
 INFO :: NUMBER OF CONSTITUENT BFs initialized in the FBF: 3
 INFO :: dfuture: 0
 INFO :: dpresent: 1
 INFO :: pastStart: 2
 INFO :: pastEnd: 2
 INFO :: FBFs initialized 
 INFO :: Timer started 
 INFO :: Refreshed FBF
 INFO :: Refreshed FBF
 INFO :: Refreshed FBF
 INFO :: Refreshed FBF
 INFO :: Refreshed FBF
 INFO :: Refreshed FBF
 INFO :: Refreshed FBF
 INFO :: Refreshed FBF
 INFO :: Refreshed FBF
 INFO :: Refreshed FBF
 INFO :: Refreshed FBF
 INFO :: Refreshed FBF
 INFO :: Refreshed FBF
 INFO :: Refreshed FBF
 INFO :: Refreshed FBF
 INFO :: Refreshed FBF
 INFO :: Refreshed FBF
 INFO :: Refreshed FBF
 INFO :: Refreshed FBF
 INFO :: Refreshed FBF
 INFO :: Refreshed FBF
 INFO :: Refreshed FBF
 INFO :: Refreshed FBF
 INFO :: Refreshed FBF
 INFO :: Refreshed FBF
 INFO :: Refreshed FBF
 INFO :: Refreshed FBF
 INFO :: Refreshed FBF
 INFO :: Refreshed FBF
 INFO :: Refreshed FBF
 INFO :: Refreshed FBF
 INFO :: Refreshed FBF
 INFO :: Refreshed FBF
 INFO :: Refreshed FBF
 INFO :: Refreshed FBF
 INFO :: Refreshed FBF
 INFO :: Refreshed FBF
 INFO :: Refreshed FBF
 INFO :: Refreshed FBF
 INFO :: Refreshed FBF
 INFO :: Refreshed FBF
 INFO :: Refreshed FBF
 INFO :: Refreshed FBF
 INFO :: Refreshed FBF
 INFO :: Refreshed FBF
 INFO :: Refreshed FBF
 INFO :: Refreshed FBF
 INFO :: Refreshed FBF
 INFO :: Refreshed FBF
 INFO :: Refreshed FBF
 INFO :: Refreshed FBF
 INFO :: Refreshed FBF
 INFO :: Refreshed FBF
 INFO :: Refreshed FBF
 INFO :: Refreshed FBF
 INFO :: Refreshed FBF
 INFO :: Refreshed FBF
 INFO :: Refreshed FBF
 INFO :: Refreshed FBF
 INFO :: Refreshed FBF
 INFO :: Refreshed FBF
 INFO :: Refreshed FBF
 INFO :: Refreshed FBF
 INFO :: Refreshed FBF
 INFO :: Refreshed FBF
 INFO :: Refreshed FBF
 INFO :: Refreshed FBF
 INFO :: Refreshed FBF
 INFO :: Refreshed FBF
 INFO :: Refreshed FBF
 INFO :: Refreshed FBF
 INFO :: Refreshed FBF
 INFO :: Refreshed FBF
 INFO :: Refreshed FBF
 INFO :: Refreshed FBF
 INFO :: Time elapsed in for loop: 300.208
 INFO :: Rate of insertion: 99.9308per second
 RESULT :: SMART FP = 143
 RESULT :: SMART FPR = 0.00476667

 INFO :: Individual FPP here: 
 INFO :: Future BF FPP: 0.000756053
 INFO :: 1BF FPP: 0.00238979
 INFO :: 2BF FPP: 0.00533123
 RESULT :: The effective FPR of the FBF is: 0.00534578

 INFO :: Individual FPP here: 
 INFO :: Future BF FPP: 0.000756053
 INFO :: 1BF FPP: 0.00238979
 INFO :: 2BF FPP: 0.00533123
 INFO :: The number of bloom filters are : 3
 RESULT :: The NEW effective FPR of the FBF is: 0.00178193
 -----------------------------------------------------------

 ----------------------------------------------------------- 
 INFO :: Test Execution Info 
 INFO :: NUMBER OF ELEMENTS: 40000
 INFO :: REFRESH RATE: 3
 INFO :: BATCH OPERATIONS: 200

 INFO :: NUMBER OF HASHES CHOSEN : 3

 INFO :: TABLE SIZE IN BYTES: 50000

 INFO :: TABLE SIZE CHOSEN : 6250
 INFO :: NUMBER OF CONSTITUENT BFs initialized in the FBF: 3
 INFO :: dfuture: 0
 INFO :: dpresent: 1
 INFO :: pastStart: 2
 INFO :: pastEnd: 2
 INFO :: FBFs initialized 
 INFO :: Timer started 
 INFO :: Refreshed FBF
 INFO :: Refreshed FBF
 INFO :: Refreshed FBF
 INFO :: Refreshed FBF
 INFO :: Refreshed FBF
 INFO :: Refreshed FBF
 INFO :: Refreshed FBF
 INFO :: Refreshed FBF
 INFO :: Refreshed FBF
 INFO :: Refreshed FBF
 INFO :: Refreshed FBF
 INFO :: Refreshed FBF
 INFO :: Refreshed FBF
 INFO :: Refreshed FBF
 INFO :: Refreshed FBF
 INFO :: Refreshed FBF
 INFO :: Refreshed FBF
 INFO :: Refreshed FBF
 INFO :: Refreshed FBF
 INFO :: Refreshed FBF
 INFO :: Refreshed FBF
 INFO :: Refreshed FBF
 INFO :: Refreshed FBF
 INFO :: Refreshed FBF
 INFO :: Refreshed FBF
 INFO :: Refreshed FBF
 INFO :: Refreshed FBF
 INFO :: Refreshed FBF
 INFO :: Refreshed FBF
 INFO :: Refreshed FBF
 INFO :: Refreshed FBF
 INFO :: Refreshed FBF
 INFO :: Refreshed FBF
 INFO :: Refreshed FBF
 INFO :: Refreshed FBF
 INFO :: Refreshed FBF
 INFO :: Refreshed FBF
 INFO :: Refreshed FBF
 INFO :: Refreshed FBF
 INFO :: Refreshed FBF
 INFO :: Refreshed FBF
 INFO :: Refreshed FBF
 INFO :: Refreshed FBF
 INFO :: Refreshed FBF
 INFO :: Refreshed FBF
 INFO :: Refreshed FBF
 INFO :: Refreshed FBF
 INFO :: Refreshed FBF
 INFO :: Refreshed FBF
 INFO :: Refreshed FBF
 INFO :: Refreshed FBF
 INFO :: Refreshed FBF
 INFO :: Refreshed FBF
 INFO :: Refreshed FBF
 INFO :: Refreshed FBF
 INFO :: Refreshed FBF
 INFO :: Refreshed FBF
 INFO :: Refreshed FBF
 INFO :: Refreshed FBF
 INFO :: Refreshed FBF
 INFO :: Refreshed FBF
 INFO :: Refreshed FBF
 INFO :: Refreshed FBF
 INFO :: Refreshed FBF
 INFO :: Refreshed FBF
 INFO :: Refreshed FBF
 INFO :: Refreshed FBF
 INFO :: Refreshed FBF
 INFO :: Refreshed FBF
 INFO :: Refreshed FBF
 INFO :: Refreshed FBF
 INFO :: Refreshed FBF
 INFO :: Refreshed FBF
 INFO :: Refreshed FBF
 INFO :: Refreshed FBF
 INFO :: Refreshed FBF
 INFO :: Refreshed FBF
 INFO :: Refreshed FBF
 INFO :: Refreshed FBF
 INFO :: Refreshed FBF
 INFO :: Refreshed FBF
 INFO :: Refreshed FBF
 INFO :: Refreshed FBF
 INFO :: Refreshed FBF
 INFO :: Refreshed FBF
 INFO :: Refreshed FBF
 INFO :: Refreshed FBF
 INFO :: Refreshed FBF
 INFO :: Refreshed FBF
 INFO :: Refreshed FBF
 INFO :: Refreshed FBF
 INFO :: Refreshed FBF
 INFO :: Refreshed FBF
 INFO :: Refreshed FBF
 INFO :: Refreshed FBF
 INFO :: Refreshed FBF
 INFO :: Refreshed FBF
 INFO :: Refreshed FBF
 INFO :: Refreshed FBF
 INFO :: Refreshed FBF
 INFO :: Time elapsed in for loop: 400.327
 INFO :: Rate of insertion: 99.9184per second
 RESULT :: SMART FP = 171
 RESULT :: SMART FPR = 0.004275

 INFO :: Individual FPP here: 
 INFO :: Future BF FPP: 0.000756053
 INFO :: 1BF FPP: 0.00238979
 INFO :: 2BF FPP: 0.00533123
 RESULT :: The effective FPR of the FBF is: 0.00534578

 INFO :: Individual FPP here: 
 INFO :: Future BF FPP: 0.000756053
 INFO :: 1BF FPP: 0.00238979
 INFO :: 2BF FPP: 0.00533123
 INFO :: The number of bloom filters are : 3
 RESULT :: The NEW effective FPR of the FBF is: 0.00178193
 -----------------------------------------------------------

 ----------------------------------------------------------- 
 INFO :: Test Execution Info 
 INFO :: NUMBER OF ELEMENTS: 50000
 INFO :: REFRESH RATE: 3
 INFO :: BATCH OPERATIONS: 200

 INFO :: NUMBER OF HASHES CHOSEN : 3

 INFO :: TABLE SIZE IN BYTES: 50000

 INFO :: TABLE SIZE CHOSEN : 6250
 INFO :: NUMBER OF CONSTITUENT BFs initialized in the FBF: 3
 INFO :: dfuture: 0
 INFO :: dpresent: 1
 INFO :: pastStart: 2
 INFO :: pastEnd: 2
 INFO :: FBFs initialized 
 INFO :: Timer started 
 INFO :: Refreshed FBF
 INFO :: Refreshed FBF
 INFO :: Refreshed FBF
 INFO :: Refreshed FBF
 INFO :: Refreshed FBF
 INFO :: Refreshed FBF
 INFO :: Refreshed FBF
 INFO :: Refreshed FBF
 INFO :: Refreshed FBF
 INFO :: Refreshed FBF
 INFO :: Refreshed FBF
 INFO :: Refreshed FBF
 INFO :: Refreshed FBF
 INFO :: Refreshed FBF
 INFO :: Refreshed FBF
 INFO :: Refreshed FBF
 INFO :: Refreshed FBF
 INFO :: Refreshed FBF
 INFO :: Refreshed FBF
 INFO :: Refreshed FBF
 INFO :: Refreshed FBF
 INFO :: Refreshed FBF
 INFO :: Refreshed FBF
 INFO :: Refreshed FBF
 INFO :: Refreshed FBF
 INFO :: Refreshed FBF
 INFO :: Refreshed FBF
 INFO :: Refreshed FBF
 INFO :: Refreshed FBF
 INFO :: Refreshed FBF
 INFO :: Refreshed FBF
 INFO :: Refreshed FBF
 INFO :: Refreshed FBF
 INFO :: Refreshed FBF
 INFO :: Refreshed FBF
 INFO :: Refreshed FBF
 INFO :: Refreshed FBF
 INFO :: Refreshed FBF
 INFO :: Refreshed FBF
 INFO :: Refreshed FBF
 INFO :: Refreshed FBF
 INFO :: Refreshed FBF
 INFO :: Refreshed FBF
 INFO :: Refreshed FBF
 INFO :: Refreshed FBF
 INFO :: Refreshed FBF
 INFO :: Refreshed FBF
 INFO :: Refreshed FBF
 INFO :: Refreshed FBF
 INFO :: Refreshed FBF
 INFO :: Refreshed FBF
 INFO :: Refreshed FBF
 INFO :: Refreshed FBF
 INFO :: Refreshed FBF
 INFO :: Refreshed FBF
 INFO :: Refreshed FBF
 INFO :: Refreshed FBF
 INFO :: Refreshed FBF
 INFO :: Refreshed FBF
 INFO :: Refreshed FBF
 INFO :: Refreshed FBF
 INFO :: Refreshed FBF
 INFO :: Refreshed FBF
 INFO :: Refreshed FBF
 INFO :: Refreshed FBF
 INFO :: Refreshed FBF
 INFO :: Refreshed FBF
 INFO :: Refreshed FBF
 INFO :: Refreshed FBF
 INFO :: Refreshed FBF
 INFO :: Refreshed FBF
 INFO :: Refreshed FBF
 INFO :: Refreshed FBF
 INFO :: Refreshed FBF
 INFO :: Refreshed FBF
 INFO :: Refreshed FBF
 INFO :: Refreshed FBF
 INFO :: Refreshed FBF
 INFO :: Refreshed FBF
 INFO :: Refreshed FBF
 INFO :: Refreshed FBF
 INFO :: Refreshed FBF
 INFO :: Refreshed FBF
 INFO :: Refreshed FBF
 INFO :: Refreshed FBF
 INFO :: Refreshed FBF
 INFO :: Refreshed FBF
 INFO :: Refreshed FBF
 INFO :: Refreshed FBF
 INFO :: Refreshed FBF
 INFO :: Refreshed FBF
 INFO :: Refreshed FBF
 INFO :: Refreshed FBF
 INFO :: Refreshed FBF
 INFO :: Refreshed FBF
 INFO :: Refreshed FBF
 INFO :: Refreshed FBF
 INFO :: Refreshed FBF
 INFO :: Refreshed FBF
 INFO :: Refreshed FBF
 INFO :: Refreshed FBF
 INFO :: Refreshed FBF
 INFO :: Refreshed FBF
 INFO :: Refreshed FBF
 INFO :: Refreshed FBF
 INFO :: Refreshed FBF
 INFO :: Refreshed FBF
 INFO :: Refreshed FBF
 INFO :: Refreshed FBF
 INFO :: Refreshed FBF
 INFO :: Refreshed FBF
 INFO :: Refreshed FBF
 INFO :: Refreshed FBF
 INFO :: Refreshed FBF
 INFO :: Refreshed FBF
 INFO :: Refreshed FBF
 INFO :: Refreshed FBF
 INFO :: Refreshed FBF
 INFO :: Refreshed FBF
 INFO :: Refreshed FBF
 INFO :: Refreshed FBF
 INFO :: Refreshed FBF
 INFO :: Refreshed FBF
 INFO :: Refreshed FBF
 INFO :: Refreshed FBF
 INFO :: Time elapsed in for loop: 500.344
 INFO :: Rate of insertion: 99.9313per second
 RESULT :: SMART FP = 216
 RESULT :: SMART FPR = 0.00432

 INFO :: Individual FPP here: 
 INFO :: Future BF FPP: 0.000756053
 INFO :: 1BF FPP: 0.00238979
 INFO :: 2BF FPP: 0.00533123
 RESULT :: The effective FPR of the FBF is: 0.00534578

 INFO :: Individual FPP here: 
 INFO :: Future BF FPP: 0.000756053
 INFO :: 1BF FPP: 0.00238979
 INFO :: 2BF FPP: 0.00533123
 INFO :: The number of bloom filters are : 3
 RESULT :: The NEW effective FPR of the FBF is: 0.00178193
 -----------------------------------------------------------

 ----------------------------------------------------------- 
 INFO :: Test Execution Info 
 INFO :: NUMBER OF ELEMENTS: 62500
 INFO :: REFRESH RATE: 3
 INFO :: BATCH OPERATIONS: 200

 INFO :: NUMBER OF HASHES CHOSEN : 3

 INFO :: TABLE SIZE IN BYTES: 50000

 INFO :: TABLE SIZE CHOSEN : 6250
 INFO :: NUMBER OF CONSTITUENT BFs initialized in the FBF: 3
 INFO :: dfuture: 0
 INFO :: dpresent: 1
 INFO :: pastStart: 2
 INFO :: pastEnd: 2
 INFO :: FBFs initialized 
 INFO :: Timer started 
 INFO :: Refreshed FBF
 INFO :: Refreshed FBF
 INFO :: Refreshed FBF
 INFO :: Refreshed FBF
 INFO :: Refreshed FBF
 INFO :: Refreshed FBF
 INFO :: Refreshed FBF
 INFO :: Refreshed FBF
 INFO :: Refreshed FBF
 INFO :: Refreshed FBF
 INFO :: Refreshed FBF
 INFO :: Refreshed FBF
 INFO :: Refreshed FBF
 INFO :: Refreshed FBF
 INFO :: Refreshed FBF
 INFO :: Refreshed FBF
 INFO :: Refreshed FBF
 INFO :: Refreshed FBF
 INFO :: Refreshed FBF
 INFO :: Refreshed FBF
 INFO :: Refreshed FBF
 INFO :: Refreshed FBF
 INFO :: Refreshed FBF
 INFO :: Refreshed FBF
 INFO :: Refreshed FBF
 INFO :: Refreshed FBF
 INFO :: Refreshed FBF
 INFO :: Refreshed FBF
 INFO :: Refreshed FBF
 INFO :: Refreshed FBF
 INFO :: Refreshed FBF
 INFO :: Refreshed FBF
 INFO :: Refreshed FBF
 INFO :: Refreshed FBF
 INFO :: Refreshed FBF
 INFO :: Refreshed FBF
 INFO :: Refreshed FBF
 INFO :: Refreshed FBF
 INFO :: Refreshed FBF
 INFO :: Refreshed FBF
 INFO :: Refreshed FBF
 INFO :: Refreshed FBF
 INFO :: Refreshed FBF
 INFO :: Refreshed FBF
 INFO :: Refreshed FBF
 INFO :: Refreshed FBF
 INFO :: Refreshed FBF
 INFO :: Refreshed FBF
 INFO :: Refreshed FBF
 INFO :: Refreshed FBF
 INFO :: Refreshed FBF
 INFO :: Refreshed FBF
 INFO :: Refreshed FBF
 INFO :: Refreshed FBF
 INFO :: Refreshed FBF
 INFO :: Refreshed FBF
 INFO :: Refreshed FBF
 INFO :: Refreshed FBF
 INFO :: Refreshed FBF
 INFO :: Refreshed FBF
 INFO :: Refreshed FBF
 INFO :: Refreshed FBF
 INFO :: Refreshed FBF
 INFO :: Refreshed FBF
 INFO :: Refreshed FBF
 INFO :: Refreshed FBF
 INFO :: Refreshed FBF
 INFO :: Refreshed FBF
 INFO :: Refreshed FBF
 INFO :: Refreshed FBF
 INFO :: Refreshed FBF
 INFO :: Refreshed FBF
 INFO :: Refreshed FBF
 INFO :: Refreshed FBF
 INFO :: Refreshed FBF
 INFO :: Refreshed FBF
 INFO :: Refreshed FBF
 INFO :: Refreshed FBF
 INFO :: Refreshed FBF
 INFO :: Refreshed FBF
 INFO :: Refreshed FBF
 INFO :: Refreshed FBF
 INFO :: Refreshed FBF
 INFO :: Refreshed FBF
 INFO :: Refreshed FBF
 INFO :: Refreshed FBF
 INFO :: Refreshed FBF
 INFO :: Refreshed FBF
 INFO :: Refreshed FBF
 INFO :: Refreshed FBF
 INFO :: Refreshed FBF
 INFO :: Refreshed FBF
 INFO :: Refreshed FBF
 INFO :: Refreshed FBF
 INFO :: Refreshed FBF
 INFO :: Refreshed FBF
 INFO :: Refreshed FBF
 INFO :: Refreshed FBF
 INFO :: Refreshed FBF
 INFO :: Refreshed FBF
 INFO :: Refreshed FBF
 INFO :: Refreshed FBF
 INFO :: Refreshed FBF
 INFO :: Refreshed FBF
 INFO :: Refreshed FBF
 INFO :: Refreshed FBF
 INFO :: Refreshed FBF
 INFO :: Refreshed FBF
 INFO :: Refreshed FBF
 INFO :: Refreshed FBF
 INFO :: Refreshed FBF
 INFO :: Refreshed FBF
 INFO :: Refreshed FBF
 INFO :: Refreshed FBF
 INFO :: Refreshed FBF
 INFO :: Refreshed FBF
 INFO :: Refreshed FBF
 INFO :: Refreshed FBF
 INFO :: Refreshed FBF
 INFO :: Refreshed FBF
 INFO :: Refreshed FBF
 INFO :: Refreshed FBF
 INFO :: Refreshed FBF
 INFO :: Refreshed FBF
 INFO :: Refreshed FBF
 INFO :: Refreshed FBF
 INFO :: Refreshed FBF
 INFO :: Refreshed FBF
 INFO :: Refreshed FBF
 INFO :: Refreshed FBF
 INFO :: Refreshed FBF
 INFO :: Refreshed FBF
 INFO :: Refreshed FBF
 INFO :: Refreshed FBF
 INFO :: Refreshed FBF
 INFO :: Refreshed FBF
 INFO :: Refreshed FBF
 INFO :: Refreshed FBF
 INFO :: Refreshed FBF
 INFO :: Refreshed FBF
 INFO :: Refreshed FBF
 INFO :: Refreshed FBF
 INFO :: Refreshed FBF
 INFO :: Refreshed FBF
 INFO :: Refreshed FBF
 INFO :: Refreshed FBF
 INFO :: Refreshed FBF
 INFO :: Refreshed FBF
 INFO :: Refreshed FBF
 INFO :: Refreshed FBF
 INFO :: Refreshed FBF
 INFO :: Refreshed FBF
 INFO :: Refreshed FBF
 INFO :: Refreshed FBF
 INFO :: Refreshed FBF
 INFO :: Refreshed FBF
 INFO :: Time elapsed in for loop: 626.447
 INFO :: Rate of insertion: 99.7691per second
 RESULT :: SMART FP = 268
 RESULT :: SMART FPR = 0.004288

 INFO :: Individual FPP here: 
 INFO :: Future BF FPP: 0.00238979
 INFO :: 1BF FPP: 0.00366939
 INFO :: 2BF FPP: 0.00533123
 RESULT :: The effective FPR of the FBF is: 0.00535956

 INFO :: Individual FPP here: 
 INFO :: Future BF FPP: 0.00238979
 INFO :: 1BF FPP: 0.00366939
 INFO :: 2BF FPP: 0.00533123
 INFO :: The number of bloom filters are : 3
 RESULT :: The NEW effective FPR of the FBF is: 0.00178652
 -----------------------------------------------------------

