 ----------------------------------------------------------- 
 INFO :: Test Execution Info 
 INFO :: NUMBER OF ELEMENTS: 1000
 INFO :: REFRESH RATE: 3
 INFO :: BATCH OPERATIONS: 200

 INFO :: NUMBER OF HASHES CHOSEN : 3

 INFO :: TABLE SIZE IN BYTES: 50000

 INFO :: TABLE SIZE CHOSEN : 6250
 INFO :: NUMBER OF CONSTITUENT BFs initialized in the FBF: 3
 INFO :: dfuture: 0
 INFO :: dpresent: 1
 INFO :: pastStart: 2
 INFO :: pastEnd: 2
 INFO :: FBFs initialized 
 INFO :: Timer started 
 INFO :: Refreshed FBF
 INFO :: Refreshed FBF
 INFO :: Time elapsed in for loop: 10.0198
 INFO :: Rate of insertion: 99.8021per second
 RESULT :: SMART FP = 5
 RESULT :: SMART FPR = 0.005

 INFO :: Individual FPP here: 
 INFO :: Future BF FPP: 0.00529504
 INFO :: 1BF FPP: 0.00529504
 INFO :: 2BF FPP: 0.00241216
 RESULT :: The effective FPR of the FBF is: 0.00245297

 INFO :: Individual FPP here: 
 INFO :: Future BF FPP: 0.00529504
 INFO :: Future BF insert count 399
 INFO :: 1BF FPP: 0.00529504
 INFO :: 1BF insert count: 799
 INFO :: 2BF FPP: 0.00241216
 INFO :: 2BF insert count: 601
 first: 0 second: 2.80374e-05 RESULT :: The NEW effective FPR of the FBF is: 0.000411975
 -----------------------------------------------------------

 ----------------------------------------------------------- 
 INFO :: Test Execution Info 
 INFO :: NUMBER OF ELEMENTS: 2000
 INFO :: REFRESH RATE: 3
 INFO :: BATCH OPERATIONS: 200

 INFO :: NUMBER OF HASHES CHOSEN : 3

 INFO :: TABLE SIZE IN BYTES: 50000

 INFO :: TABLE SIZE CHOSEN : 6250
 INFO :: NUMBER OF CONSTITUENT BFs initialized in the FBF: 3
 INFO :: dfuture: 0
 INFO :: dpresent: 1
 INFO :: pastStart: 2
 INFO :: pastEnd: 2
 INFO :: FBFs initialized 
 INFO :: Timer started 
 INFO :: Refreshed FBF
 INFO :: Refreshed FBF
 INFO :: Refreshed FBF
 INFO :: Refreshed FBF
 INFO :: Refreshed FBF
 INFO :: Time elapsed in for loop: 20.0151
 INFO :: Rate of insertion: 99.9244per second
 RESULT :: SMART FP = 4
 RESULT :: SMART FPR = 0.002

 INFO :: Individual FPP here: 
 INFO :: Future BF FPP: 0.000756053
 INFO :: 1BF FPP: 0.00238979
 INFO :: 2BF FPP: 0.00533123
 RESULT :: The effective FPR of the FBF is: 0.00534578

 INFO :: Individual FPP here: 
 INFO :: Future BF FPP: 0.000756053
 INFO :: Future BF insert count 199
 INFO :: 1BF FPP: 0.00238979
 INFO :: 1BF insert count: 599
 INFO :: 2BF FPP: 0.00533123
 INFO :: 2BF insert count: 800
 first: 0 second: 1.80681e-06 RESULT :: The NEW effective FPR of the FBF is: 0.00133709
 -----------------------------------------------------------

 ----------------------------------------------------------- 
 INFO :: Test Execution Info 
 INFO :: NUMBER OF ELEMENTS: 3000
 INFO :: REFRESH RATE: 3
 INFO :: BATCH OPERATIONS: 200

 INFO :: NUMBER OF HASHES CHOSEN : 3

 INFO :: TABLE SIZE IN BYTES: 50000

 INFO :: TABLE SIZE CHOSEN : 6250
 INFO :: NUMBER OF CONSTITUENT BFs initialized in the FBF: 3
 INFO :: dfuture: 0
 INFO :: dpresent: 1
 INFO :: pastStart: 2
 INFO :: pastEnd: 2
 INFO :: FBFs initialized 
 INFO :: Timer started 
 INFO :: Refreshed FBF
 INFO :: Refreshed FBF
 INFO :: Refreshed FBF
 INFO :: Refreshed FBF
 INFO :: Refreshed FBF
 INFO :: Refreshed FBF
 INFO :: Refreshed FBF
 INFO :: Time elapsed in for loop: 30.0216
 INFO :: Rate of insertion: 99.9279per second
 RESULT :: SMART FP = 16
 RESULT :: SMART FPR = 0.00533333

 INFO :: Individual FPP here: 
 INFO :: Future BF FPP: 0.00529504
 INFO :: 1BF FPP: 0.00529504
 INFO :: 2BF FPP: 0.00533123
 RESULT :: The effective FPR of the FBF is: 0.0053875

 INFO :: Individual FPP here: 
 INFO :: Future BF FPP: 0.00529504
 INFO :: Future BF insert count 399
 INFO :: 1BF FPP: 0.00529504
 INFO :: 1BF insert count: 799
 INFO :: 2BF FPP: 0.00533123
 INFO :: 2BF insert count: 800
 first: 0 second: 2.80374e-05 RESULT :: The NEW effective FPR of the FBF is: 0.00107856
 -----------------------------------------------------------

 ----------------------------------------------------------- 
 INFO :: Test Execution Info 
 INFO :: NUMBER OF ELEMENTS: 4000
 INFO :: REFRESH RATE: 3
 INFO :: BATCH OPERATIONS: 200

 INFO :: NUMBER OF HASHES CHOSEN : 3

 INFO :: TABLE SIZE IN BYTES: 50000

 INFO :: TABLE SIZE CHOSEN : 6250
 INFO :: NUMBER OF CONSTITUENT BFs initialized in the FBF: 3
 INFO :: dfuture: 0
 INFO :: dpresent: 1
 INFO :: pastStart: 2
 INFO :: pastEnd: 2
 INFO :: FBFs initialized 
 INFO :: Timer started 
 INFO :: Refreshed FBF
 INFO :: Refreshed FBF
 INFO :: Refreshed FBF
 INFO :: Refreshed FBF
 INFO :: Refreshed FBF
 INFO :: Refreshed FBF
 INFO :: Refreshed FBF
 INFO :: Refreshed FBF
 INFO :: Refreshed FBF
 INFO :: Refreshed FBF
 INFO :: Time elapsed in for loop: 40.0321
 INFO :: Rate of insertion: 99.9198per second
 RESULT :: SMART FP = 10
 RESULT :: SMART FPR = 0.0025

 INFO :: Individual FPP here: 
 INFO :: Future BF FPP: 0.000756053
 INFO :: 1BF FPP: 0.00238979
 INFO :: 2BF FPP: 0.00533123
 RESULT :: The effective FPR of the FBF is: 0.00534578

 INFO :: Individual FPP here: 
 INFO :: Future BF FPP: 0.000756053
 INFO :: Future BF insert count 199
 INFO :: 1BF FPP: 0.00238979
 INFO :: 1BF insert count: 599
 INFO :: 2BF FPP: 0.00533123
 INFO :: 2BF insert count: 800
 first: 0 second: 1.80681e-06 RESULT :: The NEW effective FPR of the FBF is: 0.00133709
 -----------------------------------------------------------

 ----------------------------------------------------------- 
 INFO :: Test Execution Info 
 INFO :: NUMBER OF ELEMENTS: 5000
 INFO :: REFRESH RATE: 3
 INFO :: BATCH OPERATIONS: 200

 INFO :: NUMBER OF HASHES CHOSEN : 3

 INFO :: TABLE SIZE IN BYTES: 50000

 INFO :: TABLE SIZE CHOSEN : 6250
 INFO :: NUMBER OF CONSTITUENT BFs initialized in the FBF: 3
 INFO :: dfuture: 0
 INFO :: dpresent: 1
 INFO :: pastStart: 2
 INFO :: pastEnd: 2
 INFO :: FBFs initialized 
 INFO :: Timer started 
 INFO :: Refreshed FBF
 INFO :: Refreshed FBF
 INFO :: Refreshed FBF
 INFO :: Refreshed FBF
 INFO :: Refreshed FBF
 INFO :: Refreshed FBF
 INFO :: Refreshed FBF
 INFO :: Refreshed FBF
 INFO :: Refreshed FBF
 INFO :: Refreshed FBF
 INFO :: Refreshed FBF
 INFO :: Refreshed FBF
 INFO :: Time elapsed in for loop: 50.0397
 INFO :: Rate of insertion: 99.9207per second
 RESULT :: SMART FP = 27
 RESULT :: SMART FPR = 0.0054

 INFO :: Individual FPP here: 
 INFO :: Future BF FPP: 0.00529504
 INFO :: 1BF FPP: 0.00529504
 INFO :: 2BF FPP: 0.00533123
 RESULT :: The effective FPR of the FBF is: 0.0053875

 INFO :: Individual FPP here: 
 INFO :: Future BF FPP: 0.00529504
 INFO :: Future BF insert count 399
 INFO :: 1BF FPP: 0.00529504
 INFO :: 1BF insert count: 799
 INFO :: 2BF FPP: 0.00533123
 INFO :: 2BF insert count: 800
 first: 0 second: 2.80374e-05 RESULT :: The NEW effective FPR of the FBF is: 0.00107856
 -----------------------------------------------------------

 ----------------------------------------------------------- 
 INFO :: Test Execution Info 
 INFO :: NUMBER OF ELEMENTS: 6250
 INFO :: REFRESH RATE: 3
 INFO :: BATCH OPERATIONS: 200

 INFO :: NUMBER OF HASHES CHOSEN : 3

 INFO :: TABLE SIZE IN BYTES: 50000

 INFO :: TABLE SIZE CHOSEN : 6250
 INFO :: NUMBER OF CONSTITUENT BFs initialized in the FBF: 3
 INFO :: dfuture: 0
 INFO :: dpresent: 1
 INFO :: pastStart: 2
 INFO :: pastEnd: 2
 INFO :: FBFs initialized 
 INFO :: Timer started 
 INFO :: Refreshed FBF
 INFO :: Refreshed FBF
 INFO :: Refreshed FBF
 INFO :: Refreshed FBF
 INFO :: Refreshed FBF
 INFO :: Refreshed FBF
 INFO :: Refreshed FBF
 INFO :: Refreshed FBF
 INFO :: Refreshed FBF
 INFO :: Refreshed FBF
 INFO :: Refreshed FBF
 INFO :: Refreshed FBF
 INFO :: Refreshed FBF
 INFO :: Refreshed FBF
 INFO :: Refreshed FBF
 INFO :: Refreshed FBF
 INFO :: Time elapsed in for loop: 64.0495
 INFO :: Rate of insertion: 97.5807per second
 RESULT :: SMART FP = 30
 RESULT :: SMART FPR = 0.0048

 INFO :: Individual FPP here: 
 INFO :: Future BF FPP: 1.25609e-05
 INFO :: 1BF FPP: 0.00105938
 INFO :: 2BF FPP: 0.00533123
 RESULT :: The effective FPR of the FBF is: 0.00533689

 INFO :: Individual FPP here: 
 INFO :: Future BF FPP: 1.25609e-05
 INFO :: Future BF insert count 49
 INFO :: 1BF FPP: 0.00105938
 INFO :: 1BF insert count: 449
 INFO :: 2BF FPP: 0.00533123
 INFO :: 2BF insert count: 800
 first: 0 second: 1.33068e-08 RESULT :: The NEW effective FPR of the FBF is: 0.00164388
 -----------------------------------------------------------

